
TD6ACBE00 000:000 SEGGER J-Link V4.80 Log File (0000ms, 0000ms total)
TD6ACBE00 000:000 DLL Compiled: Dec 20 2013 19:40:51 (0000ms, 0000ms total)
TD6ACBE00 000:000 Logging started @ 2014-05-27 12:19 (0001ms, 0001ms total)
TD6ACBE00 000:001 JLINK_SetWarnOutHandler(...) (0000ms, 0001ms total)
TD6ACBE00 000:001 JLINK_SelectUSB(Port = 0)  returns 0x00 (0000ms, 0001ms total)
TD6ACBE00 000:001 JLINK_OpenEx(...)
Firmware: J-Link OB-SAM3U128 V1 compiled Dec 11 2013 20:20:11
Hardware: V1.00
S/N: 480106358  returns O.K. (0256ms, 0257ms total)
TD6ACBE00 000:258 JLINK_SetErrorOutHandler(...) (0000ms, 0257ms total)
TD6ACBE00 000:258 JLINK_EnableLog(...) (0000ms, 0257ms total)
TD6ACBE00 000:258 JLINK_SetInitRegsOnReset(OFF)  returns 0x01 (0000ms, 0257ms total)
TD6ACBE00 000:258 JLINK_GetDLLVersion()  returns 48000 (0000ms, 0257ms total)
TD6ACBE00 000:258 JLINK_GetCompileDateTime() (0000ms, 0257ms total)
TD6ACBE00 000:258 JLINK_GetFirmwareString(...) (0000ms, 0257ms total)
TD6ACBE00 000:258 JLINK_GetHardwareVersion()  returns 0x2710 (0000ms, 0257ms total)
TD6ACBE00 000:258 JLINK_EMU_HasCapEx(0x00000026)  returns 0x00 (0000ms, 0257ms total)
TD6ACBE00 000:258 JLINK_EMU_GetProductId() (0000ms, 0257ms total)
TD6ACBE00 000:258 JLINK_GetHardwareVersion()  returns 0x2710 (0000ms, 0257ms total)
TD6ACBE00 000:258 JLINK_GetFirmwareString(...) (0000ms, 0257ms total)
TD6ACBE00 000:258 JLINK_GetEmuCaps()  returns 0xB97F5BBF (0000ms, 0257ms total)
TD6ACBE00 000:258 JLINK_GetEmuCaps()  returns 0xB97F5BBF (0000ms, 0257ms total)
TD6ACBE00 000:258 JLINK_GetHWStatus(...)  returns 0x00 (0001ms, 0258ms total)
TD6ACBE00 000:259 JLINK_SetSpeed(100) (0000ms, 0258ms total)
TD6ACBE00 000:260 JLINK_GetEmuCaps()  returns 0xB97F5BBF (0000ms, 0258ms total)
TD6ACBE00 000:260 JLINK_TIF_GetAvailable(...) (0000ms, 0258ms total)
TD6ACBE00 000:260 JLINK_Connect() >0x2F8 JTAG>Could not measure total IR len. TDO is constant high. >0x30 JTAG>  returns 0x01 (0003ms, 0261ms total)
TD6ACBE00 000:263 JLINK_GetIdData(...) >0x2F8 JTAG>Could not measure total IR len. TDO is constant high. >0x30 JTAG> (0002ms, 0263ms total)
TD6ACBE00 000:265 JLINK_ClrError() (0000ms, 0263ms total)
TD6ACBE00 000:265 JLINK_TIF_Select(JLINKARM_TIF_SWD)  returns 0x00 (0002ms, 0265ms total)
TD6ACBE00 000:267 JLINK_Connect() >0x108 TIF>Found SWD-DP with ID 0x0BB11477 >0x0D TIF> >0x21 TIF> >0x0D TIF> >0x28 TIF> >0x0D TIF> >0x28 TIF> >0x0D TIF> >0x21 TIF> >0x0D TIF> >0x28 TIF> >0x0D TIF> >0x21 TIF> >0x0D TIF> >0x21 TIF> >0x0D TIF> >0x21 TIF> >0x0D TIF> >0x28 TIF> >0x0D TIF> >0x28 TIF> >0x0D TIF> >0x28 TIF> >0x0D TIF> >0x21 TIF> >0x0D TIF> >0x21 TIF> >0x0D TIF> >0x21 TIF> >0x0D TIF> >0x28 TIF> >0x0D TIF> >0x28 TIF> >0x0D TIF> >0x21 TIF> >0x0D TIF> >0x28 TIF> >0x0D TIF> >0x28 TIF> >0x0D TIF>
 >0x28 TIF> >0x0D TIF> >0x21 TIF> >0x0D TIF> >0x21 TIF> >0x0D TIF> >0x28 TIF> >0x0D TIF> >0x21 TIF> >0x0D TIF> >0x21 TIF>Found Cortex-M0 r0p0, Little endian. -- CPU_WriteMem(4 bytes @ 0xE0002000) -- CPU_ReadMem(4 bytes @ 0xE000EDF0) -- CPU_ReadMem(4 bytes @ 0xE0002000)FPUnit: 4 code (BP) slots and 0 literal slots -- CPU_ReadMem(4 bytes @ 0xE000EDFC) -- CPU_ReadMem(4 bytes @ 0xE0001000) -- CPU_WriteMem(4 bytes @ 0xE0001000) -- CPU_ReadMem(4 bytes @ 0xE00FF018)  returns 0x00 (0036ms, 0301ms total)
TD6ACBE00 000:303 JLINK_CORE_GetFound()  returns 0x60000FF (0000ms, 0301ms total)
TD6ACBE00 000:303 JLINK_GetDeviceFamily()  returns 6 (0000ms, 0301ms total)
TD6ACBE00 000:303 JLINK_GetDeviceFamily()  returns 6 (0000ms, 0301ms total)
TD6ACBE00 000:303 JLINK_SetSpeed(100) (0001ms, 0302ms total)
TD6ACBE00 000:304 JLINK_GetHWStatus(...)  returns 0x00 (0000ms, 0302ms total)
TD6ACBE00 000:304 JLINK_GetSpeedInfo() 50000000 Hz / n, n >= 2 (0000ms, 0302ms total)
TD6ACBE00 000:304 JLINK_MeasureRTCKReactTime() (0000ms, 0302ms total)
TD6ACBE00 000:304 JLINK_GetSpeed()  returns 0x64 (0000ms, 0302ms total)
TD6ACBE00 000:304 JLINK_ExecCommand("device=nrf51822", ...)Device "NRF51822" selected (257 KB flash, 16 KB RAM).  returns 0x00 (0001ms, 0303ms total)
TD6ACBE00 000:305 JLINK_Connect() >0x108 TIF>Found SWD-DP with ID 0x0BB11477 >0x35 TIF> >0x0D TIF> >0x28 TIF> >0x0D TIF> >0x28 TIF> >0x35 TIF> >0x0D TIF> >0x28 TIF> >0x35 TIF> >0x35 TIF> >0x35 TIF> >0x0D TIF> >0x28 TIF> >0x0D TIF> >0x28 TIF> >0x0D TIF> >0x28 TIF> >0x35 TIF> >0x35 TIF> >0x35 TIF> >0x0D TIF> >0x28 TIF> >0x0D TIF> >0x28 TIF> >0x35 TIF> >0x0D TIF> >0x28 TIF> >0x0D TIF> >0x28 TIF> >0x0D TIF> >0x28 TIF> >0x35 TIF> >0x35 TIF> >0x0D TIF> >0x28 TIF> >0x35 TIF> >0x35 TIF>
Found Cortex-M0 r0p0, Little endian. -- CPU_WriteMem(4 bytes @ 0xE0002000) -- CPU_ReadMem(4 bytes @ 0xE000EDF0) -- CPU_ReadMem(4 bytes @ 0xE0002000)FPUnit: 4 code (BP) slots and 0 literal slots -- CPU_ReadMem(4 bytes @ 0xE000EDFC) -- CPU_ReadMem(4 bytes @ 0xE0001000) -- CPU_WriteMem(4 bytes @ 0xE0001000) -- CPU_ReadMem(4 bytes @ 0xE00FF018)  returns 0x00 (0051ms, 0354ms total)
TD6ACBE00 000:357 JLINK_WriteU32(0x4001E504, 0x00000002) -- CPU is running -- CPU_WriteMem(4 bytes @ 0x4001E504)  returns 0x00 (0003ms, 0357ms total)
TD6ACBE00 000:360 JLINK_WriteU32(0x4001E50C, 0x00000001) -- CPU is running -- CPU_WriteMem(4 bytes @ 0x4001E50C)  returns 0x00 (0004ms, 0361ms total)
TD6ACBE00 000:364 JLINK_WriteU32(0x4001E514, 0x00000001) -- CPU is running -- CPU_WriteMem(4 bytes @ 0x4001E514)  returns 0x00 (0042ms, 0403ms total)
TD6ACBE00 000:406 JLINK_SetResetDelay(0) (0000ms, 0403ms total)
TD6ACBE00 000:406 JLINK_Reset() -- CPU is running -- CPU_WriteMem(4 bytes @ 0xE000EDF0) -- CPU is running -- CPU_WriteMem(4 bytes @ 0xE000EDFC) >0x35 TIF> -- CPU is running -- CPU_WriteMem(4 bytes @ 0xE000ED0C) -- CPU is running -- CPU_ReadMem(4 bytes @ 0xE000EDF0) -- CPU is running -- CPU_ReadMem(4 bytes @ 0xE000EDF0) -- CPU is running -- CPU_WriteMem(4 bytes @ 0xE000EDF0) -- CPU is running -- CPU_WriteMem(4 bytes @ 0xE000EDFC) -- CPU is running -- CPU_ReadMem(4 bytes @ 0xE000EDF0)
 -- CPU_WriteMem(4 bytes @ 0xE0002000) (0071ms, 0474ms total)
TD6ACBE00 000:583 JLINK_Close() >0x42 TIF> >0x28 TIF> >0x35 TIF> (0009ms, 0483ms total)
TD6ACBE00 000:583  (0009ms, 0483ms total)
TD6ACBE00 000:583 Closed (0009ms, 0483ms total)
